# JRE version: OpenJDK Runtime Environment (8.0_242-b01) (build 1.8.0_242-release-1644-b01)
# Java VM: OpenJDK 64-Bit Server VM (25.242-b01 mixed mode windows-amd64 compressed oops)
Heap:
 PSYoungGen      total 247808K, used 122269K [0x00000000d5580000, 0x00000000ecb00000, 0x0000000100000000)
  eden space 165376K, 28% used [0x00000000d5580000,0x00000000d836d588,0x00000000df700000)
  from space 82432K, 91% used [0x00000000df700000,0x00000000e407a110,0x00000000e4780000)
  to   space 93184K, 0% used [0x00000000e7000000,0x00000000e7000000,0x00000000ecb00000)
 ParOldGen       total 195072K, used 141688K [0x0000000080000000, 0x000000008be80000, 0x00000000d5580000)
  object space 195072K, 72% used [0x0000000080000000,0x0000000088a5e110,0x000000008be80000)
 Metaspace       used 100572K, capacity 108368K, committed 109464K, reserved 1144832K
  class space    used 12692K, capacity 13922K, committed 14256K, reserved 1048576K
GC Heap History (10 events):
Event: 5560.481 GC heap before
{Heap before GC invocations=166 (full 5):
 PSYoungGen      total 176128K, used 171799K [0x00000000d5580000, 0x00000000e3c00000, 0x0000000100000000)
  eden space 133632K, 100% used [0x00000000d5580000,0x00000000dd800000,0x00000000dd800000)
  from space 42496K, 89% used [0x00000000e0700000,0x00000000e2c45c58,0x00000000e3080000)
  to   space 48128K, 0% used [0x00000000dd800000,0x00000000dd800000,0x00000000e0700000)
 ParOldGen       total 195072K, used 102350K [0x0000000080000000, 0x000000008be80000, 0x00000000d5580000)
  object space 195072K, 52% used [0x0000000080000000,0x00000000863f3990,0x000000008be80000)
 Metaspace       used 100235K, capacity 107886K, committed 109208K, reserved 1144832K
  class space    used 12670K, capacity 13887K, committed 14256K, reserved 1048576K
Event: 5560.504 GC heap after
Heap after GC invocations=166 (full 5):
 PSYoungGen      total 181760K, used 31635K [0x00000000d5580000, 0x00000000e4800000, 0x0000000100000000)
  eden space 133632K, 0% used [0x00000000d5580000,0x00000000d5580000,0x00000000dd800000)
  from space 48128K, 65% used [0x00000000dd800000,0x00000000df6e4d18,0x00000000e0700000)
  to   space 49664K, 0% used [0x00000000e1780000,0x00000000e1780000,0x00000000e4800000)
 ParOldGen       total 195072K, used 102350K [0x0000000080000000, 0x000000008be80000, 0x00000000d5580000)
  object space 195072K, 52% used [0x0000000080000000,0x00000000863f3990,0x000000008be80000)
 Metaspace       used 100235K, capacity 107886K, committed 109208K, reserved 1144832K
  class space    used 12670K, capacity 13887K, committed 14256K, reserved 1048576K
}
Event: 5585.801 GC heap before
{Heap before GC invocations=167 (full 5):
 PSYoungGen      total 181760K, used 165267K [0x00000000d5580000, 0x00000000e4800000, 0x0000000100000000)
  eden space 133632K, 100% used [0x00000000d5580000,0x00000000dd800000,0x00000000dd800000)
  from space 48128K, 65% used [0x00000000dd800000,0x00000000df6e4d18,0x00000000e0700000)
  to   space 49664K, 0% used [0x00000000e1780000,0x00000000e1780000,0x00000000e4800000)
 ParOldGen       total 195072K, used 102350K [0x0000000080000000, 0x000000008be80000, 0x00000000d5580000)
  object space 195072K, 52% used [0x0000000080000000,0x00000000863f3990,0x000000008be80000)
 Metaspace       used 100359K, capacity 108022K, committed 109208K, reserved 1144832K
  class space    used 12670K, capacity 13887K, committed 14256K, reserved 1048576K
Event: 5585.828 GC heap after
Heap after GC invocations=167 (full 5):
 PSYoungGen      total 196608K, used 30251K [0x00000000d5580000, 0x00000000e4780000, 0x0000000100000000)
  eden space 147456K, 0% used [0x00000000d5580000,0x00000000d5580000,0x00000000de580000)
  from space 49152K, 61% used [0x00000000e1780000,0x00000000e350acf8,0x00000000e4780000)
  to   space 50176K, 0% used [0x00000000de580000,0x00000000de580000,0x00000000e1680000)
 ParOldGen       total 195072K, used 102358K [0x0000000080000000, 0x000000008be80000, 0x00000000d5580000)
  object space 195072K, 52% used [0x0000000080000000,0x00000000863f5990,0x000000008be80000)
 Metaspace       used 100359K, capacity 108022K, committed 109208K, reserved 1144832K
  class space    used 12670K, capacity 13887K, committed 14256K, reserved 1048576K
}
Event: 5586.941 GC heap before
{Heap before GC invocations=168 (full 5):
 PSYoungGen      total 196608K, used 177707K [0x00000000d5580000, 0x00000000e4780000, 0x0000000100000000)
  eden space 147456K, 100% used [0x00000000d5580000,0x00000000de580000,0x00000000de580000)
  from space 49152K, 61% used [0x00000000e1780000,0x00000000e350acf8,0x00000000e4780000)
  to   space 50176K, 0% used [0x00000000de580000,0x00000000de580000,0x00000000e1680000)
 ParOldGen       total 195072K, used 102358K [0x0000000080000000, 0x000000008be80000, 0x00000000d5580000)
  object space 195072K, 52% used [0x0000000080000000,0x00000000863f5990,0x000000008be80000)
 Metaspace       used 100372K, capacity 108022K, committed 109208K, reserved 1144832K
  class space    used 12670K, capacity 13887K, committed 14256K, reserved 1048576K
Event: 5587.871 GC heap after
Heap after GC invocations=168 (full 5):
 PSYoungGen      total 197632K, used 50162K [0x00000000d5580000, 0x00000000e8e80000, 0x0000000100000000)
  eden space 147456K, 0% used [0x00000000d5580000,0x00000000d5580000,0x00000000de580000)
  from space 50176K, 99% used [0x00000000de580000,0x00000000e167c9d8,0x00000000e1680000)
  to   space 72704K, 0% used [0x00000000e4780000,0x00000000e4780000,0x00000000e8e80000)
 ParOldGen       total 195072K, used 141680K [0x0000000080000000, 0x000000008be80000, 0x00000000d5580000)
  object space 195072K, 72% used [0x0000000080000000,0x0000000088a5c110,0x000000008be80000)
 Metaspace       used 100372K, capacity 108022K, committed 109208K, reserved 1144832K
  class space    used 12670K, capacity 13887K, committed 14256K, reserved 1048576K
}
Event: 5588.284 GC heap before
{Heap before GC invocations=169 (full 5):
 PSYoungGen      total 197632K, used 197618K [0x00000000d5580000, 0x00000000e8e80000, 0x0000000100000000)
  eden space 147456K, 100% used [0x00000000d5580000,0x00000000de580000,0x00000000de580000)
  from space 50176K, 99% used [0x00000000de580000,0x00000000e167c9d8,0x00000000e1680000)
  to   space 72704K, 0% used [0x00000000e4780000,0x00000000e4780000,0x00000000e8e80000)
 ParOldGen       total 195072K, used 141680K [0x0000000080000000, 0x000000008be80000, 0x00000000d5580000)
  object space 195072K, 72% used [0x0000000080000000,0x0000000088a5c110,0x000000008be80000)
 Metaspace       used 100391K, capacity 108030K, committed 109208K, reserved 1144832K
  class space    used 12670K, capacity 13887K, committed 14256K, reserved 1048576K
Event: 5588.354 GC heap after
Heap after GC invocations=169 (full 5):
 PSYoungGen      total 238080K, used 66165K [0x00000000d5580000, 0x00000000ea180000, 0x0000000100000000)
  eden space 165376K, 0% used [0x00000000d5580000,0x00000000d5580000,0x00000000df700000)
  from space 72704K, 91% used [0x00000000e4780000,0x00000000e881d408,0x00000000e8e80000)
  to   space 82432K, 0% used [0x00000000df700000,0x00000000df700000,0x00000000e4780000)
 ParOldGen       total 195072K, used 141688K [0x0000000080000000, 0x000000008be80000, 0x00000000d5580000)
  object space 195072K, 72% used [0x0000000080000000,0x0000000088a5e110,0x000000008be80000)
 Metaspace       used 100391K, capacity 108030K, committed 109208K, reserved 1144832K
  class space    used 12670K, capacity 13887K, committed 14256K, reserved 1048576K
}
Event: 5589.400 GC heap before
{Heap before GC invocations=170 (full 5):
 PSYoungGen      total 238080K, used 231541K [0x00000000d5580000, 0x00000000ea180000, 0x0000000100000000)
  eden space 165376K, 100% used [0x00000000d5580000,0x00000000df700000,0x00000000df700000)
  from space 72704K, 91% used [0x00000000e4780000,0x00000000e881d408,0x00000000e8e80000)
  to   space 82432K, 0% used [0x00000000df700000,0x00000000df700000,0x00000000e4780000)
 ParOldGen       total 195072K, used 141688K [0x0000000080000000, 0x000000008be80000, 0x00000000d5580000)
  object space 195072K, 72% used [0x0000000080000000,0x0000000088a5e110,0x000000008be80000)
 Metaspace       used 100416K, capacity 108036K, committed 109208K, reserved 1144832K
  class space    used 12671K, capacity 13888K, committed 14256K, reserved 1048576K
Event: 5589.470 GC heap after
Heap after GC invocations=170 (full 5):
 PSYoungGen      total 247808K, used 75240K [0x00000000d5580000, 0x00000000ecb00000, 0x0000000100000000)
  eden space 165376K, 0% used [0x00000000d5580000,0x00000000d5580000,0x00000000df700000)
  from space 82432K, 91% used [0x00000000df700000,0x00000000e407a110,0x00000000e4780000)
  to   space 93184K, 0% used [0x00000000e7000000,0x00000000e7000000,0x00000000ecb00000)
 ParOldGen       total 195072K, used 141688K [0x0000000080000000, 0x000000008be80000, 0x00000000d5580000)
  object space 195072K, 72% used [0x0000000080000000,0x0000000088a5e110,0x000000008be80000)
 Metaspace       used 100416K, capacity 108036K, committed 109208K, reserved 1144832K
  class space    used 12671K, capacity 13888K, committed 14256K, reserved 1048576K
}

